{"E:\\Thapar\\SEM6\\Test Automation\\Project\\ELC-Project-Management-Portal\\backend\\src\\app.js": {"path":"E:\\Thapar\\SEM6\\Test Automation\\Project\\ELC-Project-Management-Portal\\backend\\src\\app.js","statementMap":{"0":{"start":{"line":12,"column":0},"end":{"line":12,"column":16}},"1":{"start":{"line":15,"column":0},"end":{"line":15,"column":12}},"2":{"start":{"line":17,"column":12},"end":{"line":17,"column":21}},"3":{"start":{"line":19,"column":0},"end":{"line":19,"column":16}},"4":{"start":{"line":20,"column":0},"end":{"line":20,"column":24}},"5":{"start":{"line":22,"column":0},"end":{"line":22,"column":34}},"6":{"start":{"line":23,"column":0},"end":{"line":23,"column":40}},"7":{"start":{"line":24,"column":0},"end":{"line":24,"column":48}},"8":{"start":{"line":25,"column":0},"end":{"line":25,"column":38}},"9":{"start":{"line":26,"column":0},"end":{"line":26,"column":50}},"10":{"start":{"line":28,"column":13},"end":{"line":28,"column":29}}},"fnMap":{},"branchMap":{},"s":{"0":2,"1":2,"2":2,"3":2,"4":2,"5":2,"6":2,"7":2,"8":2,"9":2,"10":2},"f":{},"b":{},"_coverageSchema":"1a1c01bbd47fc00a2c39e90264f33305004495a9","hash":"19529b0ce47b20b1948de78c5d393af435b2fb12"}
,"E:\\Thapar\\SEM6\\Test Automation\\Project\\ELC-Project-Management-Portal\\backend\\src\\config\\db.js": {"path":"E:\\Thapar\\SEM6\\Test Automation\\Project\\ELC-Project-Management-Portal\\backend\\src\\config\\db.js","statementMap":{"0":{"start":{"line":3,"column":18},"end":{"line":15,"column":1}},"1":{"start":{"line":5,"column":4},"end":{"line":7,"column":5}},"2":{"start":{"line":6,"column":8},"end":{"line":6,"column":15}},"3":{"start":{"line":8,"column":4},"end":{"line":14,"column":5}},"4":{"start":{"line":9,"column":8},"end":{"line":9,"column":54}},"5":{"start":{"line":10,"column":8},"end":{"line":10,"column":41}},"6":{"start":{"line":12,"column":8},"end":{"line":12,"column":49}},"7":{"start":{"line":13,"column":8},"end":{"line":13,"column":24}}},"fnMap":{"0":{"name":"(anonymous_0)","decl":{"start":{"line":3,"column":18},"end":{"line":3,"column":19}},"loc":{"start":{"line":3,"column":29},"end":{"line":15,"column":1}},"line":3}},"branchMap":{"0":{"loc":{"start":{"line":5,"column":4},"end":{"line":7,"column":5}},"type":"if","locations":[{"start":{"line":5,"column":4},"end":{"line":7,"column":5}},{"start":{},"end":{}}],"line":5}},"s":{"0":2,"1":2,"2":2,"3":0,"4":0,"5":0,"6":0,"7":0},"f":{"0":2},"b":{"0":[2,0]},"_coverageSchema":"1a1c01bbd47fc00a2c39e90264f33305004495a9","hash":"68448e8e59519687dd6ab40a88d07a3606fe4cc0"}
,"E:\\Thapar\\SEM6\\Test Automation\\Project\\ELC-Project-Management-Portal\\backend\\src\\controllers\\applicationController.js": {"path":"E:\\Thapar\\SEM6\\Test Automation\\Project\\ELC-Project-Management-Portal\\backend\\src\\controllers\\applicationController.js","statementMap":{"0":{"start":{"line":5,"column":31},"end":{"line":28,"column":1}},"1":{"start":{"line":6,"column":4},"end":{"line":27,"column":5}},"2":{"start":{"line":7,"column":51},"end":{"line":7,"column":59}},"3":{"start":{"line":8,"column":27},"end":{"line":8,"column":63}},"4":{"start":{"line":11,"column":24},"end":{"line":11,"column":57}},"5":{"start":{"line":12,"column":8},"end":{"line":12,"column":84}},"6":{"start":{"line":12,"column":22},"end":{"line":12,"column":84}},"7":{"start":{"line":14,"column":23},"end":{"line":20,"column":10}},"8":{"start":{"line":22,"column":8},"end":{"line":22,"column":28}},"9":{"start":{"line":23,"column":8},"end":{"line":23,"column":37}},"10":{"start":{"line":25,"column":8},"end":{"line":25,"column":45}},"11":{"start":{"line":26,"column":8},"end":{"line":26,"column":74}},"12":{"start":{"line":30,"column":38},"end":{"line":52,"column":1}},"13":{"start":{"line":31,"column":4},"end":{"line":51,"column":5}},"14":{"start":{"line":33,"column":29},"end":{"line":34,"column":75}},"15":{"start":{"line":37,"column":30},"end":{"line":45,"column":11}},"16":{"start":{"line":37,"column":55},"end":{"line":45,"column":9}},"17":{"start":{"line":47,"column":8},"end":{"line":47,"column":44}},"18":{"start":{"line":49,"column":8},"end":{"line":49,"column":50}},"19":{"start":{"line":50,"column":8},"end":{"line":50,"column":81}},"20":{"start":{"line":54,"column":38},"end":{"line":73,"column":1}},"21":{"start":{"line":55,"column":4},"end":{"line":72,"column":5}},"22":{"start":{"line":56,"column":28},"end":{"line":56,"column":38}},"23":{"start":{"line":57,"column":29},"end":{"line":57,"column":66}},"24":{"start":{"line":59,"column":30},"end":{"line":66,"column":11}},"25":{"start":{"line":60,"column":28},"end":{"line":60,"column":79}},"26":{"start":{"line":61,"column":12},"end":{"line":65,"column":14}},"27":{"start":{"line":68,"column":8},"end":{"line":68,"column":44}},"28":{"start":{"line":70,"column":8},"end":{"line":70,"column":58}},"29":{"start":{"line":71,"column":8},"end":{"line":71,"column":81}},"30":{"start":{"line":74,"column":39},"end":{"line":104,"column":1}},"31":{"start":{"line":75,"column":4},"end":{"line":103,"column":5}},"32":{"start":{"line":76,"column":34},"end":{"line":76,"column":44}},"33":{"start":{"line":77,"column":27},"end":{"line":77,"column":35}},"34":{"start":{"line":78,"column":28},"end":{"line":78,"column":69}},"35":{"start":{"line":79,"column":8},"end":{"line":79,"column":92}},"36":{"start":{"line":79,"column":26},"end":{"line":79,"column":92}},"37":{"start":{"line":81,"column":8},"end":{"line":81,"column":36}},"38":{"start":{"line":82,"column":8},"end":{"line":82,"column":33}},"39":{"start":{"line":84,"column":8},"end":{"line":97,"column":9}},"40":{"start":{"line":85,"column":28},"end":{"line":85,"column":73}},"41":{"start":{"line":87,"column":12},"end":{"line":96,"column":13}},"42":{"start":{"line":88,"column":16},"end":{"line":90,"column":17}},"43":{"start":{"line":89,"column":20},"end":{"line":89,"column":50}},"44":{"start":{"line":92,"column":16},"end":{"line":95,"column":17}},"45":{"start":{"line":93,"column":20},"end":{"line":93,"column":74}},"46":{"start":{"line":94,"column":20},"end":{"line":94,"column":41}},"47":{"start":{"line":99,"column":8},"end":{"line":99,"column":93}},"48":{"start":{"line":101,"column":8},"end":{"line":101,"column":57}},"49":{"start":{"line":102,"column":8},"end":{"line":102,"column":80}},"50":{"start":{"line":107,"column":35},"end":{"line":126,"column":1}},"51":{"start":{"line":108,"column":4},"end":{"line":125,"column":5}},"52":{"start":{"line":109,"column":23},"end":{"line":109,"column":33}},"53":{"start":{"line":110,"column":27},"end":{"line":110,"column":63}},"54":{"start":{"line":112,"column":28},"end":{"line":112,"column":58}},"55":{"start":{"line":113,"column":8},"end":{"line":113,"column":92}},"56":{"start":{"line":113,"column":26},"end":{"line":113,"column":92}},"57":{"start":{"line":116,"column":8},"end":{"line":118,"column":9}},"58":{"start":{"line":117,"column":12},"end":{"line":117,"column":98}},"59":{"start":{"line":120,"column":8},"end":{"line":120,"column":48}},"60":{"start":{"line":121,"column":8},"end":{"line":121,"column":80}},"61":{"start":{"line":123,"column":8},"end":{"line":123,"column":48}},"62":{"start":{"line":124,"column":8},"end":{"line":124,"column":83}}},"fnMap":{"0":{"name":"(anonymous_0)","decl":{"start":{"line":5,"column":31},"end":{"line":5,"column":32}},"loc":{"start":{"line":5,"column":51},"end":{"line":28,"column":1}},"line":5},"1":{"name":"(anonymous_1)","decl":{"start":{"line":30,"column":38},"end":{"line":30,"column":39}},"loc":{"start":{"line":30,"column":58},"end":{"line":52,"column":1}},"line":30},"2":{"name":"(anonymous_2)","decl":{"start":{"line":37,"column":47},"end":{"line":37,"column":48}},"loc":{"start":{"line":37,"column":55},"end":{"line":45,"column":9}},"line":37},"3":{"name":"(anonymous_3)","decl":{"start":{"line":54,"column":38},"end":{"line":54,"column":39}},"loc":{"start":{"line":54,"column":56},"end":{"line":73,"column":1}},"line":54},"4":{"name":"(anonymous_4)","decl":{"start":{"line":59,"column":65},"end":{"line":59,"column":66}},"loc":{"start":{"line":59,"column":80},"end":{"line":66,"column":9}},"line":59},"5":{"name":"(anonymous_5)","decl":{"start":{"line":74,"column":39},"end":{"line":74,"column":40}},"loc":{"start":{"line":74,"column":57},"end":{"line":104,"column":1}},"line":74},"6":{"name":"(anonymous_6)","decl":{"start":{"line":107,"column":35},"end":{"line":107,"column":36}},"loc":{"start":{"line":107,"column":55},"end":{"line":126,"column":1}},"line":107}},"branchMap":{"0":{"loc":{"start":{"line":8,"column":27},"end":{"line":8,"column":63}},"type":"binary-expr","locations":[{"start":{"line":8,"column":27},"end":{"line":8,"column":47}},{"start":{"line":8,"column":51},"end":{"line":8,"column":63}}],"line":8},"1":{"loc":{"start":{"line":12,"column":8},"end":{"line":12,"column":84}},"type":"if","locations":[{"start":{"line":12,"column":8},"end":{"line":12,"column":84}},{"start":{},"end":{}}],"line":12},"2":{"loc":{"start":{"line":18,"column":21},"end":{"line":18,"column":66}},"type":"binary-expr","locations":[{"start":{"line":18,"column":21},"end":{"line":18,"column":28}},{"start":{"line":18,"column":32},"end":{"line":18,"column":66}}],"line":18},"3":{"loc":{"start":{"line":19,"column":24},"end":{"line":19,"column":40}},"type":"binary-expr","locations":[{"start":{"line":19,"column":24},"end":{"line":19,"column":34}},{"start":{"line":19,"column":38},"end":{"line":19,"column":40}}],"line":19},"4":{"loc":{"start":{"line":33,"column":66},"end":{"line":33,"column":102}},"type":"binary-expr","locations":[{"start":{"line":33,"column":66},"end":{"line":33,"column":86}},{"start":{"line":33,"column":90},"end":{"line":33,"column":102}}],"line":33},"5":{"loc":{"start":{"line":63,"column":29},"end":{"line":63,"column":101}},"type":"cond-expr","locations":[{"start":{"line":63,"column":39},"end":{"line":63,"column":81}},{"start":{"line":63,"column":84},"end":{"line":63,"column":101}}],"line":63},"6":{"loc":{"start":{"line":64,"column":30},"end":{"line":64,"column":71}},"type":"cond-expr","locations":[{"start":{"line":64,"column":40},"end":{"line":64,"column":53}},{"start":{"line":64,"column":56},"end":{"line":64,"column":71}}],"line":64},"7":{"loc":{"start":{"line":79,"column":8},"end":{"line":79,"column":92}},"type":"if","locations":[{"start":{"line":79,"column":8},"end":{"line":79,"column":92}},{"start":{},"end":{}}],"line":79},"8":{"loc":{"start":{"line":84,"column":8},"end":{"line":97,"column":9}},"type":"if","locations":[{"start":{"line":84,"column":8},"end":{"line":97,"column":9}},{"start":{},"end":{}}],"line":84},"9":{"loc":{"start":{"line":87,"column":12},"end":{"line":96,"column":13}},"type":"if","locations":[{"start":{"line":87,"column":12},"end":{"line":96,"column":13}},{"start":{},"end":{}}],"line":87},"10":{"loc":{"start":{"line":88,"column":16},"end":{"line":90,"column":17}},"type":"if","locations":[{"start":{"line":88,"column":16},"end":{"line":90,"column":17}},{"start":{},"end":{}}],"line":88},"11":{"loc":{"start":{"line":92,"column":16},"end":{"line":95,"column":17}},"type":"if","locations":[{"start":{"line":92,"column":16},"end":{"line":95,"column":17}},{"start":{},"end":{}}],"line":92},"12":{"loc":{"start":{"line":110,"column":27},"end":{"line":110,"column":63}},"type":"binary-expr","locations":[{"start":{"line":110,"column":27},"end":{"line":110,"column":47}},{"start":{"line":110,"column":51},"end":{"line":110,"column":63}}],"line":110},"13":{"loc":{"start":{"line":113,"column":8},"end":{"line":113,"column":92}},"type":"if","locations":[{"start":{"line":113,"column":8},"end":{"line":113,"column":92}},{"start":{},"end":{}}],"line":113},"14":{"loc":{"start":{"line":116,"column":8},"end":{"line":118,"column":9}},"type":"if","locations":[{"start":{"line":116,"column":8},"end":{"line":118,"column":9}},{"start":{},"end":{}}],"line":116}},"s":{"0":2,"1":0,"2":0,"3":0,"4":0,"5":0,"6":0,"7":0,"8":0,"9":0,"10":0,"11":0,"12":2,"13":0,"14":0,"15":0,"16":0,"17":0,"18":0,"19":0,"20":2,"21":0,"22":0,"23":0,"24":0,"25":0,"26":0,"27":0,"28":0,"29":0,"30":2,"31":0,"32":0,"33":0,"34":0,"35":0,"36":0,"37":0,"38":0,"39":0,"40":0,"41":0,"42":0,"43":0,"44":0,"45":0,"46":0,"47":0,"48":0,"49":0,"50":2,"51":0,"52":0,"53":0,"54":0,"55":0,"56":0,"57":0,"58":0,"59":0,"60":0,"61":0,"62":0},"f":{"0":0,"1":0,"2":0,"3":0,"4":0,"5":0,"6":0},"b":{"0":[0,0],"1":[0,0],"2":[0,0],"3":[0,0],"4":[0,0],"5":[0,0],"6":[0,0],"7":[0,0],"8":[0,0],"9":[0,0],"10":[0,0],"11":[0,0],"12":[0,0],"13":[0,0],"14":[0,0]},"_coverageSchema":"1a1c01bbd47fc00a2c39e90264f33305004495a9","hash":"5357d7ee3d048d8fe62a6e57a3db19053460797f"}
,"E:\\Thapar\\SEM6\\Test Automation\\Project\\ELC-Project-Management-Portal\\backend\\src\\controllers\\noticeController.js": {"path":"E:\\Thapar\\SEM6\\Test Automation\\Project\\ELC-Project-Management-Portal\\backend\\src\\controllers\\noticeController.js","statementMap":{"0":{"start":{"line":6,"column":28},"end":{"line":54,"column":1}},"1":{"start":{"line":7,"column":4},"end":{"line":53,"column":5}},"2":{"start":{"line":8,"column":35},"end":{"line":8,"column":43}},"3":{"start":{"line":9,"column":26},"end":{"line":9,"column":46}},"4":{"start":{"line":10,"column":27},"end":{"line":10,"column":77}},"5":{"start":{"line":13,"column":26},"end":{"line":18,"column":10}},"6":{"start":{"line":21,"column":25},"end":{"line":21,"column":83}},"7":{"start":{"line":24,"column":36},"end":{"line":31,"column":11}},"8":{"start":{"line":24,"column":61},"end":{"line":31,"column":9}},"9":{"start":{"line":34,"column":8},"end":{"line":34,"column":59}},"10":{"start":{"line":37,"column":19},"end":{"line":37,"column":42}},"11":{"start":{"line":39,"column":8},"end":{"line":46,"column":9}},"12":{"start":{"line":41,"column":12},"end":{"line":45,"column":15}},"13":{"start":{"line":48,"column":8},"end":{"line":48,"column":40}},"14":{"start":{"line":51,"column":8},"end":{"line":51,"column":55}},"15":{"start":{"line":52,"column":8},"end":{"line":52,"column":96}},"16":{"start":{"line":55,"column":29},"end":{"line":62,"column":1}},"17":{"start":{"line":56,"column":4},"end":{"line":61,"column":5}},"18":{"start":{"line":57,"column":24},"end":{"line":57,"column":67}},"19":{"start":{"line":58,"column":8},"end":{"line":58,"column":38}},"20":{"start":{"line":60,"column":8},"end":{"line":60,"column":75}}},"fnMap":{"0":{"name":"(anonymous_0)","decl":{"start":{"line":6,"column":28},"end":{"line":6,"column":29}},"loc":{"start":{"line":6,"column":48},"end":{"line":54,"column":1}},"line":6},"1":{"name":"(anonymous_1)","decl":{"start":{"line":24,"column":49},"end":{"line":24,"column":50}},"loc":{"start":{"line":24,"column":61},"end":{"line":31,"column":9}},"line":24},"2":{"name":"(anonymous_2)","decl":{"start":{"line":55,"column":29},"end":{"line":55,"column":30}},"loc":{"start":{"line":55,"column":49},"end":{"line":62,"column":1}},"line":55}},"branchMap":{"0":{"loc":{"start":{"line":10,"column":36},"end":{"line":10,"column":75}},"type":"binary-expr","locations":[{"start":{"line":10,"column":36},"end":{"line":10,"column":54}},{"start":{"line":10,"column":58},"end":{"line":10,"column":75}}],"line":10},"1":{"loc":{"start":{"line":39,"column":8},"end":{"line":46,"column":9}},"type":"if","locations":[{"start":{"line":39,"column":8},"end":{"line":46,"column":9}},{"start":{},"end":{}}],"line":39}},"s":{"0":2,"1":0,"2":0,"3":0,"4":0,"5":0,"6":0,"7":0,"8":0,"9":0,"10":0,"11":0,"12":0,"13":0,"14":0,"15":0,"16":2,"17":0,"18":0,"19":0,"20":0},"f":{"0":0,"1":0,"2":0},"b":{"0":[0,0],"1":[0,0]},"_coverageSchema":"1a1c01bbd47fc00a2c39e90264f33305004495a9","hash":"27649c3ea91bbbf970809682b28e42a04c65da96"}
,"E:\\Thapar\\SEM6\\Test Automation\\Project\\ELC-Project-Management-Portal\\backend\\src\\controllers\\notificationController.js": {"path":"E:\\Thapar\\SEM6\\Test Automation\\Project\\ELC-Project-Management-Portal\\backend\\src\\controllers\\notificationController.js","statementMap":{"0":{"start":{"line":4,"column":36},"end":{"line":12,"column":1}},"1":{"start":{"line":5,"column":4},"end":{"line":11,"column":5}},"2":{"start":{"line":6,"column":20},"end":{"line":6,"column":56}},"3":{"start":{"line":7,"column":30},"end":{"line":7,"column":100}},"4":{"start":{"line":8,"column":8},"end":{"line":8,"column":44}},"5":{"start":{"line":10,"column":8},"end":{"line":10,"column":74}},"6":{"start":{"line":14,"column":26},"end":{"line":22,"column":1}},"7":{"start":{"line":15,"column":4},"end":{"line":21,"column":5}},"8":{"start":{"line":16,"column":23},"end":{"line":16,"column":33}},"9":{"start":{"line":17,"column":8},"end":{"line":17,"column":67}},"10":{"start":{"line":18,"column":8},"end":{"line":18,"column":60}},"11":{"start":{"line":20,"column":8},"end":{"line":20,"column":73}}},"fnMap":{"0":{"name":"(anonymous_0)","decl":{"start":{"line":4,"column":36},"end":{"line":4,"column":37}},"loc":{"start":{"line":4,"column":56},"end":{"line":12,"column":1}},"line":4},"1":{"name":"(anonymous_1)","decl":{"start":{"line":14,"column":26},"end":{"line":14,"column":27}},"loc":{"start":{"line":14,"column":46},"end":{"line":22,"column":1}},"line":14}},"branchMap":{"0":{"loc":{"start":{"line":6,"column":20},"end":{"line":6,"column":56}},"type":"binary-expr","locations":[{"start":{"line":6,"column":20},"end":{"line":6,"column":40}},{"start":{"line":6,"column":44},"end":{"line":6,"column":56}}],"line":6}},"s":{"0":2,"1":0,"2":0,"3":0,"4":0,"5":0,"6":2,"7":0,"8":0,"9":0,"10":0,"11":0},"f":{"0":0,"1":0},"b":{"0":[0,0]},"_coverageSchema":"1a1c01bbd47fc00a2c39e90264f33305004495a9","hash":"d1bfce584331a5796142d9557f2702dd7cb9e6e7"}
,"E:\\Thapar\\SEM6\\Test Automation\\Project\\ELC-Project-Management-Portal\\backend\\src\\controllers\\projectController.js": {"path":"E:\\Thapar\\SEM6\\Test Automation\\Project\\ELC-Project-Management-Portal\\backend\\src\\controllers\\projectController.js","statementMap":{"0":{"start":{"line":5,"column":21},"end":{"line":5,"column":70}},"1":{"start":{"line":6,"column":19},"end":{"line":6,"column":70}},"2":{"start":{"line":28,"column":32},"end":{"line":30,"column":1}},"3":{"start":{"line":29,"column":2},"end":{"line":29,"column":54}},"4":{"start":{"line":33,"column":39},"end":{"line":121,"column":1}},"5":{"start":{"line":34,"column":2},"end":{"line":120,"column":3}},"6":{"start":{"line":35,"column":25},"end":{"line":35,"column":49}},"7":{"start":{"line":36,"column":25},"end":{"line":36,"column":33}},"8":{"start":{"line":37,"column":4},"end":{"line":39,"column":5}},"9":{"start":{"line":38,"column":6},"end":{"line":38,"column":93}},"10":{"start":{"line":41,"column":4},"end":{"line":43,"column":5}},"11":{"start":{"line":42,"column":6},"end":{"line":42,"column":96}},"12":{"start":{"line":45,"column":23},"end":{"line":60,"column":5}},"13":{"start":{"line":62,"column":19},"end":{"line":62,"column":651}},"14":{"start":{"line":64,"column":21},"end":{"line":80,"column":2}},"15":{"start":{"line":82,"column":19},"end":{"line":82,"column":40}},"16":{"start":{"line":84,"column":4},"end":{"line":84,"column":49}},"17":{"start":{"line":85,"column":4},"end":{"line":85,"column":65}},"18":{"start":{"line":87,"column":4},"end":{"line":90,"column":5}},"19":{"start":{"line":88,"column":22},"end":{"line":88,"column":70}},"20":{"start":{"line":89,"column":6},"end":{"line":89,"column":86}},"21":{"start":{"line":92,"column":17},"end":{"line":92,"column":48}},"22":{"start":{"line":93,"column":4},"end":{"line":95,"column":5}},"23":{"start":{"line":94,"column":6},"end":{"line":94,"column":91}},"24":{"start":{"line":98,"column":4},"end":{"line":106,"column":5}},"25":{"start":{"line":99,"column":6},"end":{"line":99,"column":39}},"26":{"start":{"line":101,"column":24},"end":{"line":101,"column":49}},"27":{"start":{"line":102,"column":6},"end":{"line":104,"column":7}},"28":{"start":{"line":103,"column":8},"end":{"line":103,"column":93}},"29":{"start":{"line":105,"column":6},"end":{"line":105,"column":40}},"30":{"start":{"line":108,"column":37},"end":{"line":108,"column":43}},"31":{"start":{"line":109,"column":4},"end":{"line":111,"column":5}},"32":{"start":{"line":110,"column":6},"end":{"line":110,"column":90}},"33":{"start":{"line":113,"column":4},"end":{"line":116,"column":7}},"34":{"start":{"line":115,"column":39},"end":{"line":115,"column":53}},"35":{"start":{"line":118,"column":4},"end":{"line":118,"column":44}},"36":{"start":{"line":119,"column":4},"end":{"line":119,"column":101}},"37":{"start":{"line":124,"column":26},"end":{"line":141,"column":1}},"38":{"start":{"line":125,"column":4},"end":{"line":140,"column":5}},"39":{"start":{"line":126,"column":63},"end":{"line":126,"column":71}},"40":{"start":{"line":127,"column":29},"end":{"line":127,"column":49}},"41":{"start":{"line":129,"column":8},"end":{"line":131,"column":9}},"42":{"start":{"line":130,"column":12},"end":{"line":130,"column":97}},"43":{"start":{"line":132,"column":28},"end":{"line":132,"column":69}},"44":{"start":{"line":134,"column":27},"end":{"line":136,"column":10}},"45":{"start":{"line":137,"column":8},"end":{"line":137,"column":41}},"46":{"start":{"line":139,"column":8},"end":{"line":139,"column":58}},"47":{"start":{"line":145,"column":30},"end":{"line":223,"column":1}},"48":{"start":{"line":146,"column":4},"end":{"line":222,"column":5}},"49":{"start":{"line":148,"column":21},"end":{"line":148,"column":50}},"50":{"start":{"line":149,"column":22},"end":{"line":149,"column":52}},"51":{"start":{"line":150,"column":23},"end":{"line":150,"column":45}},"52":{"start":{"line":151,"column":23},"end":{"line":151,"column":45}},"53":{"start":{"line":154,"column":22},"end":{"line":154,"column":24}},"54":{"start":{"line":157,"column":8},"end":{"line":159,"column":9}},"55":{"start":{"line":158,"column":12},"end":{"line":158,"column":34}},"56":{"start":{"line":162,"column":8},"end":{"line":181,"column":9}},"57":{"start":{"line":164,"column":38},"end":{"line":170,"column":36}},"58":{"start":{"line":173,"column":41},"end":{"line":173,"column":88}},"59":{"start":{"line":173,"column":71},"end":{"line":173,"column":87}},"60":{"start":{"line":176,"column":12},"end":{"line":180,"column":14}},"61":{"start":{"line":184,"column":21},"end":{"line":184,"column":39}},"62":{"start":{"line":187,"column":25},"end":{"line":191,"column":19}},"63":{"start":{"line":194,"column":30},"end":{"line":194,"column":65}},"64":{"start":{"line":195,"column":27},"end":{"line":195,"column":59}},"65":{"start":{"line":198,"column":30},"end":{"line":198,"column":63}},"66":{"start":{"line":198,"column":48},"end":{"line":198,"column":62}},"67":{"start":{"line":199,"column":27},"end":{"line":199,"column":124}},"68":{"start":{"line":201,"column":29},"end":{"line":201,"column":31}},"69":{"start":{"line":202,"column":8},"end":{"line":204,"column":11}},"70":{"start":{"line":203,"column":12},"end":{"line":203,"column":82}},"71":{"start":{"line":206,"column":34},"end":{"line":209,"column":11}},"72":{"start":{"line":206,"column":53},"end":{"line":209,"column":9}},"73":{"start":{"line":212,"column":8},"end":{"line":217,"column":11}},"74":{"start":{"line":220,"column":8},"end":{"line":220,"column":61}},"75":{"start":{"line":221,"column":8},"end":{"line":221,"column":82}},"76":{"start":{"line":226,"column":27},"end":{"line":234,"column":1}},"77":{"start":{"line":227,"column":4},"end":{"line":233,"column":5}},"78":{"start":{"line":228,"column":29},"end":{"line":228,"column":49}},"79":{"start":{"line":229,"column":25},"end":{"line":229,"column":81}},"80":{"start":{"line":230,"column":8},"end":{"line":230,"column":39}},"81":{"start":{"line":232,"column":8},"end":{"line":232,"column":57}},"82":{"start":{"line":237,"column":34},"end":{"line":245,"column":1}},"83":{"start":{"line":238,"column":4},"end":{"line":244,"column":5}},"84":{"start":{"line":239,"column":27},"end":{"line":239,"column":47}},"85":{"start":{"line":240,"column":25},"end":{"line":240,"column":97}},"86":{"start":{"line":241,"column":8},"end":{"line":241,"column":39}},"87":{"start":{"line":243,"column":8},"end":{"line":243,"column":56}},"88":{"start":{"line":247,"column":30},"end":{"line":279,"column":1}},"89":{"start":{"line":248,"column":4},"end":{"line":278,"column":5}},"90":{"start":{"line":249,"column":26},"end":{"line":249,"column":39}},"91":{"start":{"line":252,"column":24},"end":{"line":252,"column":57}},"92":{"start":{"line":254,"column":8},"end":{"line":256,"column":9}},"93":{"start":{"line":255,"column":12},"end":{"line":255,"column":75}},"94":{"start":{"line":259,"column":26},"end":{"line":259,"column":83}},"95":{"start":{"line":262,"column":28},"end":{"line":262,"column":46}},"96":{"start":{"line":264,"column":8},"end":{"line":266,"column":9}},"97":{"start":{"line":265,"column":12},"end":{"line":265,"column":87}},"98":{"start":{"line":268,"column":8},"end":{"line":268,"column":42}},"99":{"start":{"line":270,"column":8},"end":{"line":270,"column":62}},"100":{"start":{"line":273,"column":8},"end":{"line":275,"column":9}},"101":{"start":{"line":274,"column":12},"end":{"line":274,"column":83}},"102":{"start":{"line":277,"column":8},"end":{"line":277,"column":90}},"103":{"start":{"line":282,"column":29},"end":{"line":300,"column":1}},"104":{"start":{"line":283,"column":4},"end":{"line":299,"column":5}},"105":{"start":{"line":284,"column":23},"end":{"line":284,"column":33}},"106":{"start":{"line":285,"column":29},"end":{"line":285,"column":49}},"107":{"start":{"line":287,"column":24},"end":{"line":287,"column":50}},"108":{"start":{"line":288,"column":8},"end":{"line":288,"column":84}},"109":{"start":{"line":288,"column":22},"end":{"line":288,"column":84}},"110":{"start":{"line":291,"column":8},"end":{"line":293,"column":9}},"111":{"start":{"line":292,"column":12},"end":{"line":292,"column":90}},"112":{"start":{"line":295,"column":31},"end":{"line":295,"column":105}},"113":{"start":{"line":295,"column":114},"end":{"line":295,"column":151}},"114":{"start":{"line":297,"column":8},"end":{"line":297,"column":56}},"115":{"start":{"line":298,"column":8},"end":{"line":298,"column":75}},"116":{"start":{"line":304,"column":29},"end":{"line":327,"column":1}},"117":{"start":{"line":305,"column":4},"end":{"line":326,"column":5}},"118":{"start":{"line":306,"column":23},"end":{"line":306,"column":33}},"119":{"start":{"line":307,"column":29},"end":{"line":307,"column":49}},"120":{"start":{"line":309,"column":24},"end":{"line":309,"column":50}},"121":{"start":{"line":310,"column":8},"end":{"line":310,"column":84}},"122":{"start":{"line":310,"column":22},"end":{"line":310,"column":84}},"123":{"start":{"line":313,"column":8},"end":{"line":315,"column":9}},"124":{"start":{"line":314,"column":12},"end":{"line":314,"column":92}},"125":{"start":{"line":317,"column":8},"end":{"line":317,"column":44}},"126":{"start":{"line":320,"column":8},"end":{"line":320,"column":56}},"127":{"start":{"line":322,"column":8},"end":{"line":322,"column":74}},"128":{"start":{"line":324,"column":8},"end":{"line":324,"column":56}},"129":{"start":{"line":325,"column":8},"end":{"line":325,"column":75}}},"fnMap":{"0":{"name":"(anonymous_0)","decl":{"start":{"line":28,"column":32},"end":{"line":28,"column":33}},"loc":{"start":{"line":28,"column":42},"end":{"line":30,"column":1}},"line":28},"1":{"name":"(anonymous_1)","decl":{"start":{"line":33,"column":39},"end":{"line":33,"column":40}},"loc":{"start":{"line":33,"column":59},"end":{"line":121,"column":1}},"line":33},"2":{"name":"(anonymous_2)","decl":{"start":{"line":115,"column":27},"end":{"line":115,"column":28}},"loc":{"start":{"line":115,"column":39},"end":{"line":115,"column":53}},"line":115},"3":{"name":"(anonymous_3)","decl":{"start":{"line":124,"column":26},"end":{"line":124,"column":27}},"loc":{"start":{"line":124,"column":44},"end":{"line":141,"column":1}},"line":124},"4":{"name":"(anonymous_4)","decl":{"start":{"line":145,"column":30},"end":{"line":145,"column":31}},"loc":{"start":{"line":145,"column":50},"end":{"line":223,"column":1}},"line":145},"5":{"name":"(anonymous_5)","decl":{"start":{"line":173,"column":63},"end":{"line":173,"column":64}},"loc":{"start":{"line":173,"column":71},"end":{"line":173,"column":87}},"line":173},"6":{"name":"(anonymous_6)","decl":{"start":{"line":198,"column":43},"end":{"line":198,"column":44}},"loc":{"start":{"line":198,"column":48},"end":{"line":198,"column":62}},"line":198},"7":{"name":"(anonymous_7)","decl":{"start":{"line":202,"column":27},"end":{"line":202,"column":28}},"loc":{"start":{"line":202,"column":35},"end":{"line":204,"column":9}},"line":202},"8":{"name":"(anonymous_8)","decl":{"start":{"line":206,"column":47},"end":{"line":206,"column":48}},"loc":{"start":{"line":206,"column":53},"end":{"line":209,"column":9}},"line":206},"9":{"name":"(anonymous_9)","decl":{"start":{"line":226,"column":27},"end":{"line":226,"column":28}},"loc":{"start":{"line":226,"column":45},"end":{"line":234,"column":1}},"line":226},"10":{"name":"(anonymous_10)","decl":{"start":{"line":237,"column":34},"end":{"line":237,"column":35}},"loc":{"start":{"line":237,"column":52},"end":{"line":245,"column":1}},"line":237},"11":{"name":"(anonymous_11)","decl":{"start":{"line":247,"column":30},"end":{"line":247,"column":31}},"loc":{"start":{"line":247,"column":50},"end":{"line":279,"column":1}},"line":247},"12":{"name":"(anonymous_12)","decl":{"start":{"line":282,"column":29},"end":{"line":282,"column":30}},"loc":{"start":{"line":282,"column":49},"end":{"line":300,"column":1}},"line":282},"13":{"name":"(anonymous_13)","decl":{"start":{"line":304,"column":29},"end":{"line":304,"column":30}},"loc":{"start":{"line":304,"column":49},"end":{"line":327,"column":1}},"line":304}},"branchMap":{"0":{"loc":{"start":{"line":6,"column":19},"end":{"line":6,"column":70}},"type":"binary-expr","locations":[{"start":{"line":6,"column":19},"end":{"line":6,"column":41}},{"start":{"line":6,"column":45},"end":{"line":6,"column":70}}],"line":6},"1":{"loc":{"start":{"line":29,"column":9},"end":{"line":29,"column":53}},"type":"binary-expr","locations":[{"start":{"line":29,"column":9},"end":{"line":29,"column":45}},{"start":{"line":29,"column":49},"end":{"line":29,"column":53}}],"line":29},"2":{"loc":{"start":{"line":37,"column":4},"end":{"line":39,"column":5}},"type":"if","locations":[{"start":{"line":37,"column":4},"end":{"line":39,"column":5}},{"start":{},"end":{}}],"line":37},"3":{"loc":{"start":{"line":37,"column":8},"end":{"line":37,"column":37}},"type":"binary-expr","locations":[{"start":{"line":37,"column":8},"end":{"line":37,"column":17}},{"start":{"line":37,"column":21},"end":{"line":37,"column":37}}],"line":37},"4":{"loc":{"start":{"line":41,"column":4},"end":{"line":43,"column":5}},"type":"if","locations":[{"start":{"line":41,"column":4},"end":{"line":43,"column":5}},{"start":{},"end":{}}],"line":41},"5":{"loc":{"start":{"line":87,"column":4},"end":{"line":90,"column":5}},"type":"if","locations":[{"start":{"line":87,"column":4},"end":{"line":90,"column":5}},{"start":{},"end":{}}],"line":87},"6":{"loc":{"start":{"line":88,"column":22},"end":{"line":88,"column":70}},"type":"binary-expr","locations":[{"start":{"line":88,"column":22},"end":{"line":88,"column":44}},{"start":{"line":88,"column":48},"end":{"line":88,"column":70}}],"line":88},"7":{"loc":{"start":{"line":93,"column":4},"end":{"line":95,"column":5}},"type":"if","locations":[{"start":{"line":93,"column":4},"end":{"line":95,"column":5}},{"start":{},"end":{}}],"line":93},"8":{"loc":{"start":{"line":102,"column":6},"end":{"line":104,"column":7}},"type":"if","locations":[{"start":{"line":102,"column":6},"end":{"line":104,"column":7}},{"start":{},"end":{}}],"line":102},"9":{"loc":{"start":{"line":109,"column":4},"end":{"line":111,"column":5}},"type":"if","locations":[{"start":{"line":109,"column":4},"end":{"line":111,"column":5}},{"start":{},"end":{}}],"line":109},"10":{"loc":{"start":{"line":109,"column":8},"end":{"line":109,"column":47}},"type":"binary-expr","locations":[{"start":{"line":109,"column":8},"end":{"line":109,"column":20}},{"start":{"line":109,"column":24},"end":{"line":109,"column":47}}],"line":109},"11":{"loc":{"start":{"line":129,"column":8},"end":{"line":131,"column":9}},"type":"if","locations":[{"start":{"line":129,"column":8},"end":{"line":131,"column":9}},{"start":{},"end":{}}],"line":129},"12":{"loc":{"start":{"line":129,"column":12},"end":{"line":129,"column":45}},"type":"binary-expr","locations":[{"start":{"line":129,"column":12},"end":{"line":129,"column":18}},{"start":{"line":129,"column":22},"end":{"line":129,"column":34}},{"start":{"line":129,"column":38},"end":{"line":129,"column":45}}],"line":129},"13":{"loc":{"start":{"line":132,"column":28},"end":{"line":132,"column":69}},"type":"cond-expr","locations":[{"start":{"line":132,"column":52},"end":{"line":132,"column":58}},{"start":{"line":132,"column":61},"end":{"line":132,"column":69}}],"line":132},"14":{"loc":{"start":{"line":135,"column":63},"end":{"line":135,"column":76}},"type":"binary-expr","locations":[{"start":{"line":135,"column":63},"end":{"line":135,"column":71}},{"start":{"line":135,"column":75},"end":{"line":135,"column":76}}],"line":135},"15":{"loc":{"start":{"line":135,"column":86},"end":{"line":135,"column":105}},"type":"binary-expr","locations":[{"start":{"line":135,"column":86},"end":{"line":135,"column":92}},{"start":{"line":135,"column":96},"end":{"line":135,"column":105}}],"line":135},"16":{"loc":{"start":{"line":148,"column":21},"end":{"line":148,"column":50}},"type":"binary-expr","locations":[{"start":{"line":148,"column":21},"end":{"line":148,"column":45}},{"start":{"line":148,"column":49},"end":{"line":148,"column":50}}],"line":148},"17":{"loc":{"start":{"line":149,"column":22},"end":{"line":149,"column":52}},"type":"binary-expr","locations":[{"start":{"line":149,"column":22},"end":{"line":149,"column":47}},{"start":{"line":149,"column":51},"end":{"line":149,"column":52}}],"line":149},"18":{"loc":{"start":{"line":150,"column":23},"end":{"line":150,"column":45}},"type":"binary-expr","locations":[{"start":{"line":150,"column":23},"end":{"line":150,"column":39}},{"start":{"line":150,"column":43},"end":{"line":150,"column":45}}],"line":150},"19":{"loc":{"start":{"line":151,"column":23},"end":{"line":151,"column":45}},"type":"binary-expr","locations":[{"start":{"line":151,"column":23},"end":{"line":151,"column":39}},{"start":{"line":151,"column":43},"end":{"line":151,"column":45}}],"line":151},"20":{"loc":{"start":{"line":157,"column":8},"end":{"line":159,"column":9}},"type":"if","locations":[{"start":{"line":157,"column":8},"end":{"line":159,"column":9}},{"start":{},"end":{}}],"line":157},"21":{"loc":{"start":{"line":157,"column":12},"end":{"line":157,"column":46}},"type":"binary-expr","locations":[{"start":{"line":157,"column":12},"end":{"line":157,"column":18}},{"start":{"line":157,"column":22},"end":{"line":157,"column":46}}],"line":157},"22":{"loc":{"start":{"line":162,"column":8},"end":{"line":181,"column":9}},"type":"if","locations":[{"start":{"line":162,"column":8},"end":{"line":181,"column":9}},{"start":{},"end":{}}],"line":162},"23":{"loc":{"start":{"line":208,"column":27},"end":{"line":208,"column":78}},"type":"binary-expr","locations":[{"start":{"line":208,"column":27},"end":{"line":208,"column":55}},{"start":{"line":208,"column":59},"end":{"line":208,"column":78}}],"line":208},"24":{"loc":{"start":{"line":254,"column":8},"end":{"line":256,"column":9}},"type":"if","locations":[{"start":{"line":254,"column":8},"end":{"line":256,"column":9}},{"start":{},"end":{}}],"line":254},"25":{"loc":{"start":{"line":264,"column":8},"end":{"line":266,"column":9}},"type":"if","locations":[{"start":{"line":264,"column":8},"end":{"line":266,"column":9}},{"start":{},"end":{}}],"line":264},"26":{"loc":{"start":{"line":273,"column":8},"end":{"line":275,"column":9}},"type":"if","locations":[{"start":{"line":273,"column":8},"end":{"line":275,"column":9}},{"start":{},"end":{}}],"line":273},"27":{"loc":{"start":{"line":288,"column":8},"end":{"line":288,"column":84}},"type":"if","locations":[{"start":{"line":288,"column":8},"end":{"line":288,"column":84}},{"start":{},"end":{}}],"line":288},"28":{"loc":{"start":{"line":291,"column":8},"end":{"line":293,"column":9}},"type":"if","locations":[{"start":{"line":291,"column":8},"end":{"line":293,"column":9}},{"start":{},"end":{}}],"line":291},"29":{"loc":{"start":{"line":310,"column":8},"end":{"line":310,"column":84}},"type":"if","locations":[{"start":{"line":310,"column":8},"end":{"line":310,"column":84}},{"start":{},"end":{}}],"line":310},"30":{"loc":{"start":{"line":313,"column":8},"end":{"line":315,"column":9}},"type":"if","locations":[{"start":{"line":313,"column":8},"end":{"line":315,"column":9}},{"start":{},"end":{}}],"line":313}},"s":{"0":2,"1":2,"2":2,"3":0,"4":2,"5":0,"6":0,"7":0,"8":0,"9":0,"10":0,"11":0,"12":0,"13":0,"14":0,"15":0,"16":0,"17":0,"18":0,"19":0,"20":0,"21":0,"22":0,"23":0,"24":0,"25":0,"26":0,"27":0,"28":0,"29":0,"30":0,"31":0,"32":0,"33":0,"34":0,"35":0,"36":0,"37":2,"38":1,"39":1,"40":1,"41":1,"42":0,"43":1,"44":1,"45":1,"46":0,"47":2,"48":0,"49":0,"50":0,"51":0,"52":0,"53":0,"54":0,"55":0,"56":0,"57":0,"58":0,"59":0,"60":0,"61":0,"62":0,"63":0,"64":0,"65":0,"66":0,"67":0,"68":0,"69":0,"70":0,"71":0,"72":0,"73":0,"74":0,"75":0,"76":2,"77":0,"78":0,"79":0,"80":0,"81":0,"82":2,"83":0,"84":0,"85":0,"86":0,"87":0,"88":2,"89":0,"90":0,"91":0,"92":0,"93":0,"94":0,"95":0,"96":0,"97":0,"98":0,"99":0,"100":0,"101":0,"102":0,"103":2,"104":0,"105":0,"106":0,"107":0,"108":0,"109":0,"110":0,"111":0,"112":0,"113":0,"114":0,"115":0,"116":2,"117":1,"118":1,"119":1,"120":1,"121":1,"122":0,"123":1,"124":0,"125":1,"126":1,"127":1,"128":0,"129":0},"f":{"0":0,"1":0,"2":0,"3":1,"4":0,"5":0,"6":0,"7":0,"8":0,"9":0,"10":0,"11":0,"12":0,"13":1},"b":{"0":[2,2],"1":[0,0],"2":[0,0],"3":[0,0],"4":[0,0],"5":[0,0],"6":[0,0],"7":[0,0],"8":[0,0],"9":[0,0],"10":[0,0],"11":[0,1],"12":[1,1,1],"13":[0,1],"14":[1,1],"15":[1,1],"16":[0,0],"17":[0,0],"18":[0,0],"19":[0,0],"20":[0,0],"21":[0,0],"22":[0,0],"23":[0,0],"24":[0,0],"25":[0,0],"26":[0,0],"27":[0,0],"28":[0,0],"29":[0,1],"30":[0,1]},"_coverageSchema":"1a1c01bbd47fc00a2c39e90264f33305004495a9","hash":"f27d23809e2ea0f25f047ce4f8313608db3625f6"}
,"E:\\Thapar\\SEM6\\Test Automation\\Project\\ELC-Project-Management-Portal\\backend\\src\\controllers\\userController.js": {"path":"E:\\Thapar\\SEM6\\Test Automation\\Project\\ELC-Project-Management-Portal\\backend\\src\\controllers\\userController.js","statementMap":{"0":{"start":{"line":4,"column":26},"end":{"line":42,"column":1}},"1":{"start":{"line":5,"column":4},"end":{"line":41,"column":5}},"2":{"start":{"line":6,"column":73},"end":{"line":6,"column":81}},"3":{"start":{"line":8,"column":8},"end":{"line":10,"column":9}},"4":{"start":{"line":9,"column":12},"end":{"line":9,"column":80}},"5":{"start":{"line":13,"column":29},"end":{"line":13,"column":51}},"6":{"start":{"line":14,"column":31},"end":{"line":14,"column":56}},"7":{"start":{"line":16,"column":8},"end":{"line":18,"column":9}},"8":{"start":{"line":17,"column":12},"end":{"line":17,"column":79}},"9":{"start":{"line":20,"column":19},"end":{"line":20,"column":54}},"10":{"start":{"line":23,"column":8},"end":{"line":25,"column":9}},"11":{"start":{"line":24,"column":12},"end":{"line":24,"column":82}},"12":{"start":{"line":27,"column":8},"end":{"line":34,"column":11}},"13":{"start":{"line":36,"column":8},"end":{"line":36,"column":84}},"14":{"start":{"line":39,"column":8},"end":{"line":39,"column":53}},"15":{"start":{"line":40,"column":8},"end":{"line":40,"column":95}},"16":{"start":{"line":44,"column":30},"end":{"line":51,"column":1}},"17":{"start":{"line":45,"column":4},"end":{"line":50,"column":5}},"18":{"start":{"line":46,"column":8},"end":{"line":46,"column":39}},"19":{"start":{"line":48,"column":8},"end":{"line":48,"column":57}},"20":{"start":{"line":49,"column":8},"end":{"line":49,"column":91}},"21":{"start":{"line":54,"column":28},"end":{"line":66,"column":1}},"22":{"start":{"line":55,"column":4},"end":{"line":65,"column":5}},"23":{"start":{"line":57,"column":26},"end":{"line":59,"column":35}},"24":{"start":{"line":61,"column":8},"end":{"line":61,"column":40}},"25":{"start":{"line":63,"column":8},"end":{"line":63,"column":58}},"26":{"start":{"line":64,"column":8},"end":{"line":64,"column":79}},"27":{"start":{"line":69,"column":33},"end":{"line":90,"column":1}},"28":{"start":{"line":70,"column":4},"end":{"line":89,"column":5}},"29":{"start":{"line":71,"column":28},"end":{"line":71,"column":48}},"30":{"start":{"line":73,"column":64},"end":{"line":73,"column":72}},"31":{"start":{"line":75,"column":28},"end":{"line":79,"column":9}},"32":{"start":{"line":81,"column":8},"end":{"line":83,"column":9}},"33":{"start":{"line":82,"column":12},"end":{"line":82,"column":71}},"34":{"start":{"line":85,"column":8},"end":{"line":85,"column":93}},"35":{"start":{"line":87,"column":8},"end":{"line":87,"column":56}},"36":{"start":{"line":88,"column":8},"end":{"line":88,"column":92}}},"fnMap":{"0":{"name":"(anonymous_0)","decl":{"start":{"line":4,"column":26},"end":{"line":4,"column":27}},"loc":{"start":{"line":4,"column":46},"end":{"line":42,"column":1}},"line":4},"1":{"name":"(anonymous_1)","decl":{"start":{"line":44,"column":30},"end":{"line":44,"column":31}},"loc":{"start":{"line":44,"column":50},"end":{"line":51,"column":1}},"line":44},"2":{"name":"(anonymous_2)","decl":{"start":{"line":54,"column":28},"end":{"line":54,"column":29}},"loc":{"start":{"line":54,"column":48},"end":{"line":66,"column":1}},"line":54},"3":{"name":"(anonymous_3)","decl":{"start":{"line":69,"column":33},"end":{"line":69,"column":34}},"loc":{"start":{"line":69,"column":53},"end":{"line":90,"column":1}},"line":69}},"branchMap":{"0":{"loc":{"start":{"line":8,"column":8},"end":{"line":10,"column":9}},"type":"if","locations":[{"start":{"line":8,"column":8},"end":{"line":10,"column":9}},{"start":{},"end":{}}],"line":8},"1":{"loc":{"start":{"line":8,"column":12},"end":{"line":8,"column":70}},"type":"binary-expr","locations":[{"start":{"line":8,"column":12},"end":{"line":8,"column":24}},{"start":{"line":8,"column":28},"end":{"line":8,"column":34}},{"start":{"line":8,"column":38},"end":{"line":8,"column":43}},{"start":{"line":8,"column":47},"end":{"line":8,"column":57}},{"start":{"line":8,"column":61},"end":{"line":8,"column":70}}],"line":8},"2":{"loc":{"start":{"line":16,"column":8},"end":{"line":18,"column":9}},"type":"if","locations":[{"start":{"line":16,"column":8},"end":{"line":18,"column":9}},{"start":{},"end":{}}],"line":16},"3":{"loc":{"start":{"line":23,"column":8},"end":{"line":25,"column":9}},"type":"if","locations":[{"start":{"line":23,"column":8},"end":{"line":25,"column":9}},{"start":{},"end":{}}],"line":23},"4":{"loc":{"start":{"line":81,"column":8},"end":{"line":83,"column":9}},"type":"if","locations":[{"start":{"line":81,"column":8},"end":{"line":83,"column":9}},{"start":{},"end":{}}],"line":81}},"s":{"0":2,"1":0,"2":0,"3":0,"4":0,"5":0,"6":0,"7":0,"8":0,"9":0,"10":0,"11":0,"12":0,"13":0,"14":0,"15":0,"16":2,"17":1,"18":1,"19":0,"20":0,"21":2,"22":1,"23":1,"24":1,"25":0,"26":0,"27":2,"28":0,"29":0,"30":0,"31":0,"32":0,"33":0,"34":0,"35":0,"36":0},"f":{"0":0,"1":1,"2":1,"3":0},"b":{"0":[0,0],"1":[0,0,0,0,0],"2":[0,0],"3":[0,0],"4":[0,0]},"_coverageSchema":"1a1c01bbd47fc00a2c39e90264f33305004495a9","hash":"a050390a5259ac1778cd220c081ebedf404196fe"}
,"E:\\Thapar\\SEM6\\Test Automation\\Project\\ELC-Project-Management-Portal\\backend\\src\\middleware\\authMiddleware.js": {"path":"E:\\Thapar\\SEM6\\Test Automation\\Project\\ELC-Project-Management-Portal\\backend\\src\\middleware\\authMiddleware.js","statementMap":{"0":{"start":{"line":25,"column":27},"end":{"line":50,"column":1}},"1":{"start":{"line":27,"column":23},"end":{"line":27,"column":48}},"2":{"start":{"line":28,"column":4},"end":{"line":30,"column":5}},"3":{"start":{"line":29,"column":8},"end":{"line":29,"column":84}},"4":{"start":{"line":32,"column":18},"end":{"line":32,"column":48}},"5":{"start":{"line":34,"column":4},"end":{"line":49,"column":5}},"6":{"start":{"line":36,"column":29},"end":{"line":36,"column":68}},"7":{"start":{"line":37,"column":28},"end":{"line":37,"column":44}},"8":{"start":{"line":40,"column":21},"end":{"line":40,"column":56}},"9":{"start":{"line":41,"column":8},"end":{"line":43,"column":9}},"10":{"start":{"line":42,"column":12},"end":{"line":42,"column":72}},"11":{"start":{"line":45,"column":8},"end":{"line":45,"column":24}},"12":{"start":{"line":46,"column":8},"end":{"line":46,"column":15}},"13":{"start":{"line":48,"column":8},"end":{"line":48,"column":91}}},"fnMap":{"0":{"name":"(anonymous_0)","decl":{"start":{"line":25,"column":27},"end":{"line":25,"column":28}},"loc":{"start":{"line":25,"column":53},"end":{"line":50,"column":1}},"line":25}},"branchMap":{"0":{"loc":{"start":{"line":28,"column":4},"end":{"line":30,"column":5}},"type":"if","locations":[{"start":{"line":28,"column":4},"end":{"line":30,"column":5}},{"start":{},"end":{}}],"line":28},"1":{"loc":{"start":{"line":28,"column":8},"end":{"line":28,"column":56}},"type":"binary-expr","locations":[{"start":{"line":28,"column":8},"end":{"line":28,"column":19}},{"start":{"line":28,"column":23},"end":{"line":28,"column":56}}],"line":28},"2":{"loc":{"start":{"line":41,"column":8},"end":{"line":43,"column":9}},"type":"if","locations":[{"start":{"line":41,"column":8},"end":{"line":43,"column":9}},{"start":{},"end":{}}],"line":41}},"s":{"0":3,"1":10,"2":10,"3":2,"4":8,"5":8,"6":8,"7":8,"8":8,"9":8,"10":0,"11":8,"12":8,"13":0},"f":{"0":10},"b":{"0":[2,8],"1":[10,8],"2":[0,8]},"_coverageSchema":"1a1c01bbd47fc00a2c39e90264f33305004495a9","hash":"0381439165f936d3782f7c1f577cef840109ba1b"}
,"E:\\Thapar\\SEM6\\Test Automation\\Project\\ELC-Project-Management-Portal\\backend\\src\\middleware\\requireRole.js": {"path":"E:\\Thapar\\SEM6\\Test Automation\\Project\\ELC-Project-Management-Portal\\backend\\src\\middleware\\requireRole.js","statementMap":{"0":{"start":{"line":2,"column":27},"end":{"line":9,"column":1}},"1":{"start":{"line":3,"column":4},"end":{"line":8,"column":5}},"2":{"start":{"line":4,"column":8},"end":{"line":6,"column":9}},"3":{"start":{"line":5,"column":12},"end":{"line":5,"column":66}},"4":{"start":{"line":7,"column":8},"end":{"line":7,"column":15}}},"fnMap":{"0":{"name":"(anonymous_0)","decl":{"start":{"line":2,"column":27},"end":{"line":2,"column":28}},"loc":{"start":{"line":2,"column":37},"end":{"line":9,"column":1}},"line":2},"1":{"name":"(anonymous_1)","decl":{"start":{"line":3,"column":11},"end":{"line":3,"column":12}},"loc":{"start":{"line":3,"column":29},"end":{"line":8,"column":5}},"line":3}},"branchMap":{"0":{"loc":{"start":{"line":4,"column":8},"end":{"line":6,"column":9}},"type":"if","locations":[{"start":{"line":4,"column":8},"end":{"line":6,"column":9}},{"start":{},"end":{}}],"line":4}},"s":{"0":3,"1":20,"2":8,"3":4,"4":4},"f":{"0":20,"1":8},"b":{"0":[4,4]},"_coverageSchema":"1a1c01bbd47fc00a2c39e90264f33305004495a9","hash":"8b4c5222e8c1b9b209eb66b9bf647aac4b60da59"}
,"E:\\Thapar\\SEM6\\Test Automation\\Project\\ELC-Project-Management-Portal\\backend\\src\\models\\Application.js": {"path":"E:\\Thapar\\SEM6\\Test Automation\\Project\\ELC-Project-Management-Portal\\backend\\src\\models\\Application.js","statementMap":{"0":{"start":{"line":3,"column":26},"end":{"line":34,"column":2}}},"fnMap":{},"branchMap":{},"s":{"0":2},"f":{},"b":{},"_coverageSchema":"1a1c01bbd47fc00a2c39e90264f33305004495a9","hash":"9307de8c23d858ab9076f15e959d412a5887eb74"}
,"E:\\Thapar\\SEM6\\Test Automation\\Project\\ELC-Project-Management-Portal\\backend\\src\\models\\Notice.js": {"path":"E:\\Thapar\\SEM6\\Test Automation\\Project\\ELC-Project-Management-Portal\\backend\\src\\models\\Notice.js","statementMap":{"0":{"start":{"line":3,"column":21},"end":{"line":9,"column":2}}},"fnMap":{},"branchMap":{},"s":{"0":2},"f":{},"b":{},"_coverageSchema":"1a1c01bbd47fc00a2c39e90264f33305004495a9","hash":"6f0e38d4e86cd263debce1a59499ca6d87460757"}
,"E:\\Thapar\\SEM6\\Test Automation\\Project\\ELC-Project-Management-Portal\\backend\\src\\models\\Notification.js": {"path":"E:\\Thapar\\SEM6\\Test Automation\\Project\\ELC-Project-Management-Portal\\backend\\src\\models\\Notification.js","statementMap":{"0":{"start":{"line":3,"column":27},"end":{"line":32,"column":2}}},"fnMap":{},"branchMap":{},"s":{"0":2},"f":{},"b":{},"_coverageSchema":"1a1c01bbd47fc00a2c39e90264f33305004495a9","hash":"6265fee58addbd4a8bad394b6fd03e3a3c71606b"}
,"E:\\Thapar\\SEM6\\Test Automation\\Project\\ELC-Project-Management-Portal\\backend\\src\\models\\Project.js": {"path":"E:\\Thapar\\SEM6\\Test Automation\\Project\\ELC-Project-Management-Portal\\backend\\src\\models\\Project.js","statementMap":{"0":{"start":{"line":3,"column":22},"end":{"line":12,"column":2}}},"fnMap":{},"branchMap":{},"s":{"0":2},"f":{},"b":{},"_coverageSchema":"1a1c01bbd47fc00a2c39e90264f33305004495a9","hash":"aeb3601f7b35ecfbf479a1729603bae04f5bbfad"}
,"E:\\Thapar\\SEM6\\Test Automation\\Project\\ELC-Project-Management-Portal\\backend\\src\\models\\User.js": {"path":"E:\\Thapar\\SEM6\\Test Automation\\Project\\ELC-Project-Management-Portal\\backend\\src\\models\\User.js","statementMap":{"0":{"start":{"line":3,"column":19},"end":{"line":25,"column":2}}},"fnMap":{},"branchMap":{},"s":{"0":3},"f":{},"b":{},"_coverageSchema":"1a1c01bbd47fc00a2c39e90264f33305004495a9","hash":"fa0785d45066ac00e3e9b2fd9f34fb35f84aaf67"}
,"E:\\Thapar\\SEM6\\Test Automation\\Project\\ELC-Project-Management-Portal\\backend\\src\\routes\\applicationRoutes.js": {"path":"E:\\Thapar\\SEM6\\Test Automation\\Project\\ELC-Project-Management-Portal\\backend\\src\\routes\\applicationRoutes.js","statementMap":{"0":{"start":{"line":13,"column":15},"end":{"line":13,"column":31}},"1":{"start":{"line":15,"column":0},"end":{"line":15,"column":52}},"2":{"start":{"line":16,"column":0},"end":{"line":16,"column":68}},"3":{"start":{"line":18,"column":0},"end":{"line":18,"column":95}},"4":{"start":{"line":19,"column":0},"end":{"line":19,"column":99}},"5":{"start":{"line":20,"column":0},"end":{"line":20,"column":56}}},"fnMap":{},"branchMap":{},"s":{"0":2,"1":2,"2":2,"3":2,"4":2,"5":2},"f":{},"b":{},"_coverageSchema":"1a1c01bbd47fc00a2c39e90264f33305004495a9","hash":"ca53ae0ddd6ef9dca840e53c4feca46225e00a5c"}
,"E:\\Thapar\\SEM6\\Test Automation\\Project\\ELC-Project-Management-Portal\\backend\\src\\routes\\noticeRoutes.js": {"path":"E:\\Thapar\\SEM6\\Test Automation\\Project\\ELC-Project-Management-Portal\\backend\\src\\routes\\noticeRoutes.js","statementMap":{"0":{"start":{"line":6,"column":15},"end":{"line":6,"column":31}},"1":{"start":{"line":9,"column":0},"end":{"line":9,"column":44}},"2":{"start":{"line":12,"column":0},"end":{"line":12,"column":71}}},"fnMap":{},"branchMap":{},"s":{"0":2,"1":2,"2":2},"f":{},"b":{},"_coverageSchema":"1a1c01bbd47fc00a2c39e90264f33305004495a9","hash":"1c71bf41e3d442e70b8a87fbca5291ae1d8016c0"}
,"E:\\Thapar\\SEM6\\Test Automation\\Project\\ELC-Project-Management-Portal\\backend\\src\\routes\\notificationRoutes.js": {"path":"E:\\Thapar\\SEM6\\Test Automation\\Project\\ELC-Project-Management-Portal\\backend\\src\\routes\\notificationRoutes.js","statementMap":{"0":{"start":{"line":5,"column":15},"end":{"line":5,"column":31}},"1":{"start":{"line":7,"column":0},"end":{"line":7,"column":51}},"2":{"start":{"line":8,"column":0},"end":{"line":8,"column":49}}},"fnMap":{},"branchMap":{},"s":{"0":2,"1":2,"2":2},"f":{},"b":{},"_coverageSchema":"1a1c01bbd47fc00a2c39e90264f33305004495a9","hash":"aae139d15b079530ab97eff932b3d4a615e78827"}
,"E:\\Thapar\\SEM6\\Test Automation\\Project\\ELC-Project-Management-Portal\\backend\\src\\routes\\projectRoutes.js": {"path":"E:\\Thapar\\SEM6\\Test Automation\\Project\\ELC-Project-Management-Portal\\backend\\src\\routes\\projectRoutes.js","statementMap":{"0":{"start":{"line":6,"column":15},"end":{"line":6,"column":31}},"1":{"start":{"line":8,"column":0},"end":{"line":8,"column":84}},"2":{"start":{"line":9,"column":0},"end":{"line":9,"column":69}},"3":{"start":{"line":10,"column":0},"end":{"line":10,"column":82}},"4":{"start":{"line":11,"column":0},"end":{"line":11,"column":57}},"5":{"start":{"line":12,"column":0},"end":{"line":12,"column":48}},"6":{"start":{"line":13,"column":0},"end":{"line":13,"column":71}},"7":{"start":{"line":14,"column":0},"end":{"line":14,"column":74}}},"fnMap":{},"branchMap":{},"s":{"0":2,"1":2,"2":2,"3":2,"4":2,"5":2,"6":2,"7":2},"f":{},"b":{},"_coverageSchema":"1a1c01bbd47fc00a2c39e90264f33305004495a9","hash":"efb17e18585a8b95883cc0d03071bc3e46369ab2"}
,"E:\\Thapar\\SEM6\\Test Automation\\Project\\ELC-Project-Management-Portal\\backend\\src\\routes\\userRoutes.js": {"path":"E:\\Thapar\\SEM6\\Test Automation\\Project\\ELC-Project-Management-Portal\\backend\\src\\routes\\userRoutes.js","statementMap":{"0":{"start":{"line":6,"column":15},"end":{"line":6,"column":31}},"1":{"start":{"line":9,"column":0},"end":{"line":9,"column":35}},"2":{"start":{"line":12,"column":0},"end":{"line":12,"column":52}},"3":{"start":{"line":14,"column":0},"end":{"line":14,"column":76}},"4":{"start":{"line":15,"column":0},"end":{"line":15,"column":55}}},"fnMap":{},"branchMap":{},"s":{"0":2,"1":2,"2":2,"3":2,"4":2},"f":{},"b":{},"_coverageSchema":"1a1c01bbd47fc00a2c39e90264f33305004495a9","hash":"99b4fc0b92dde2355b815c2653a6c3943f0eefc4"}
}
